Using pre-set license
Built from '2020.3/release' branch; Version is '2020.3.2f1 (8fd9074bf66c) revision 9427207'; Using compiler version '192528614'; Build Type 'Release'
OS: 'Windows 10 Home; OS build 19041.867; Version 2004; 64bit' Language: 'en' Physical Memory: 16248 MB
BatchMode: 1, IsHumanControllingUs: 0, StartBugReporterOnCrash: 0, Is64bit: 1, IsPro: 0

 COMMAND LINE ARGUMENTS:
C:\Program Files\Unity\Hub\Editor\2020.3.2f1\Editor\Unity.exe
-adb2
-batchMode
-noUpm
-name
AssetImportWorker0
-projectPath
C:/Users/teemu/Documents/GitHub/PLANET-ASSAULT
-logFile
Logs/AssetImportWorker0.log
-srvPort
52427
Successfully changed project path to: C:/Users/teemu/Documents/GitHub/PLANET-ASSAULT
C:/Users/teemu/Documents/GitHub/PLANET-ASSAULT
Using Asset Import Pipeline V2.
Refreshing native plugins compatible for Editor in 20.12 ms, found 0 plugins.
Preloading 0 native plugins for Editor in 0.00 ms.
Initialize engine version: 2020.3.2f1 (8fd9074bf66c)
[Subsystems] Discovering subsystems at path C:/Program Files/Unity/Hub/Editor/2020.3.2f1/Editor/Data/Resources/UnitySubsystems
[Subsystems] Discovering subsystems at path C:/Users/teemu/Documents/GitHub/PLANET-ASSAULT/Assets
GfxDevice: creating device client; threaded=0
Direct3D:
    Version:  Direct3D 11.0 [level 11.1]
    Renderer: NVIDIA GeForce RTX 3080 (ID=0x2206)
    Vendor:   
    VRAM:     10078 MB
    Driver:   27.21.14.6589
Initialize mono
Mono path[0] = 'C:/Program Files/Unity/Hub/Editor/2020.3.2f1/Editor/Data/Managed'
Mono path[1] = 'C:/Program Files/Unity/Hub/Editor/2020.3.2f1/Editor/Data/MonoBleedingEdge/lib/mono/unityjit'
Mono config path = 'C:/Program Files/Unity/Hub/Editor/2020.3.2f1/Editor/Data/MonoBleedingEdge/etc'
Using monoOptions --debugger-agent=transport=dt_socket,embedding=1,server=y,suspend=n,address=127.0.0.1:56884
Begin MonoManager ReloadAssembly
Registering precompiled unity dll's ...
Register platform support module: C:/Program Files/Unity/Hub/Editor/2020.3.2f1/Editor/Data/PlaybackEngines/WebGLSupport/UnityEditor.WebGL.Extensions.dll
Register platform support module: C:/Program Files/Unity/Hub/Editor/2020.3.2f1/Editor/Data/PlaybackEngines/WindowsStandaloneSupport/UnityEditor.WindowsStandalone.Extensions.dll
Registered in 0.003175 seconds.
Native extension for WindowsStandalone target not found
Native extension for WebGL target not found
Refreshing native plugins compatible for Editor in 20.66 ms, found 0 plugins.
Preloading 0 native plugins for Editor in 0.00 ms.
Invoked RoslynAnalysisRunner static constructor.
RoslynAnalysisRunner will not be running.
RoslynAnalysisRunner has terminated.
Mono: successfully reloaded assembly
- Completed reload, in  2.411 seconds
Platform modules already initialized, skipping
Registering precompiled user dll's ...
Registered in 0.000762 seconds.
Begin MonoManager ReloadAssembly
Native extension for WindowsStandalone target not found
Native extension for WebGL target not found
Refreshing native plugins compatible for Editor in 0.20 ms, found 0 plugins.
Preloading 0 native plugins for Editor in 0.00 ms.
Invoked RoslynAnalysisRunner static constructor.
RoslynAnalysisRunner will not be running.
RoslynAnalysisRunner has terminated.
Mono: successfully reloaded assembly
- Completed reload, in  0.624 seconds
Platform modules already initialized, skipping
========================================================================
Worker process is ready to serve import requests
Launched and connected shader compiler UnityShaderCompiler.exe after 0.04 seconds
Refreshing native plugins compatible for Editor in 0.21 ms, found 0 plugins.
Preloading 0 native plugins for Editor in 0.00 ms.
Unloading 1131 Unused Serialized files (Serialized files now loaded: 0)
System memory in use before: 75.7 MB.
System memory in use after: 75.8 MB.

Unloading 10 unused Assets to reduce memory usage. Loaded Objects now: 1596.
Total: 1.384800 ms (FindLiveObjects: 0.121500 ms CreateObjectMapping: 0.033900 ms MarkObjects: 1.164900 ms  DeleteObjects: 0.064000 ms)

========================================================================
Received Import Request.
  path: Assets/New Terrain.asset
  artifactKey: Guid(a77d5e9212961b0448c3e6ad51a03325) Importer(815301076,1909f56bfc062723c751e8b465ee728b)
Start importing Assets/New Terrain.asset using Guid(a77d5e9212961b0448c3e6ad51a03325) Importer(815301076,1909f56bfc062723c751e8b465ee728b)  -> (artifact id: 'ab9c0133e1365d6e20aa08173fb1cfca') in 0.080186 seconds
  Import took 0.082461 seconds .

========================================================================
Received Import Request.
  Time since last request: 0.243430 seconds.
  path: Assets/Scenes/Planet Assault.unity
  artifactKey: Guid(9fc0d4010bbf28b4594072e72b8655ab) Importer(815301076,1909f56bfc062723c751e8b465ee728b)
Start importing Assets/Scenes/Planet Assault.unity using Guid(9fc0d4010bbf28b4594072e72b8655ab) Importer(815301076,1909f56bfc062723c751e8b465ee728b)  -> (artifact id: '0e10ae0d054180798d8f5d1b2d0da79a') in 0.002771 seconds
  Import took 0.004202 seconds .

========================================================================
Received Import Request.
  Time since last request: 4.549358 seconds.
  path: Assets/Scenes/Planet Assault 1.unity
  artifactKey: Guid(f02a67dc7fb87ea419743eb09ee789ed) Importer(815301076,1909f56bfc062723c751e8b465ee728b)
Start importing Assets/Scenes/Planet Assault 1.unity using Guid(f02a67dc7fb87ea419743eb09ee789ed) Importer(815301076,1909f56bfc062723c751e8b465ee728b)  -> (artifact id: 'eb7fb511e5885a62cd6a915fe48d144a') in 0.002676 seconds
  Import took 0.004447 seconds .

========================================================================
Received Import Request.
  Time since last request: 8.912427 seconds.
  path: Assets/Scenes/Boat Assault.unity
  artifactKey: Guid(9fc0d4010bbf28b4594072e72b8655ab) Importer(815301076,1909f56bfc062723c751e8b465ee728b)
Start importing Assets/Scenes/Boat Assault.unity using Guid(9fc0d4010bbf28b4594072e72b8655ab) Importer(815301076,1909f56bfc062723c751e8b465ee728b)  -> (artifact id: 'c68b6fe6f345b3b404156486fced1b70') in 0.002632 seconds
  Import took 0.004105 seconds .

========================================================================
Received Import Request.
  Time since last request: 46.407007 seconds.
  path: Assets/Prefabs
  artifactKey: Guid(61e5b257c9614ce4096cf6285f335647) Importer(815301076,1909f56bfc062723c751e8b465ee728b)
Start importing Assets/Prefabs using Guid(61e5b257c9614ce4096cf6285f335647) Importer(815301076,1909f56bfc062723c751e8b465ee728b)  -> (artifact id: '33566806cdade41af16ee9d95f4a5a3f') in 0.002430 seconds
  Import took 0.004282 seconds .

========================================================================
Received Import Request.
  Time since last request: 0.058640 seconds.
  path: Assets/Prefabs/Player Ship.prefab
  artifactKey: Guid(bf5b4670dc37d3d4dbf7ffe7139e0b07) Importer(815301076,1909f56bfc062723c751e8b465ee728b)
Start importing Assets/Prefabs/Player Ship.prefab using Guid(bf5b4670dc37d3d4dbf7ffe7139e0b07) Importer(815301076,1909f56bfc062723c751e8b465ee728b)  -> (artifact id: 'd0ef117401f5eeb069156250e6491f52') in 0.075419 seconds
  Import took 0.077545 seconds .

========================================================================
Received Import Request.
  Time since last request: 4.840130 seconds.
  path: Assets/Prefabs/Player Ship 1.prefab
  artifactKey: Guid(53fd60b19d5703f49a8990a679fd48e9) Importer(815301076,1909f56bfc062723c751e8b465ee728b)
Start importing Assets/Prefabs/Player Ship 1.prefab using Guid(53fd60b19d5703f49a8990a679fd48e9) Importer(815301076,1909f56bfc062723c751e8b465ee728b)  -> (artifact id: 'e16ea267f305a8071f8f65d8b2879204') in 0.025567 seconds
  Import took 0.027464 seconds .

========================================================================
Received Import Request.
  Time since last request: 6.417771 seconds.
  path: Assets/Prefabs/Player Boat.prefab
  artifactKey: Guid(53fd60b19d5703f49a8990a679fd48e9) Importer(815301076,1909f56bfc062723c751e8b465ee728b)
Start importing Assets/Prefabs/Player Boat.prefab using Guid(53fd60b19d5703f49a8990a679fd48e9) Importer(815301076,1909f56bfc062723c751e8b465ee728b)  -> (artifact id: '7b04675b7a517d086d7631220c84af97') in 0.019298 seconds
  Import took 0.021408 seconds .

========================================================================
Received Import Request.
  Time since last request: 3.654022 seconds.
  path: Assets
  artifactKey: Guid(00000000000000001000000000000000) Importer(815301076,1909f56bfc062723c751e8b465ee728b)
Start importing Assets using Guid(00000000000000001000000000000000) Importer(815301076,1909f56bfc062723c751e8b465ee728b)  -> (artifact id: '819a33a9bd799f71faca6db75e8a216c') in 0.002367 seconds
  Import took 0.006171 seconds .

========================================================================
Received Import Request.
  Time since last request: 4.418870 seconds.
  path: Assets/Materials
  artifactKey: Guid(d79cd957bf3251741a0388e912db24e0) Importer(815301076,1909f56bfc062723c751e8b465ee728b)
Start importing Assets/Materials using Guid(d79cd957bf3251741a0388e912db24e0) Importer(815301076,1909f56bfc062723c751e8b465ee728b)  -> (artifact id: 'd71b3b5e672b068d6a4a32160372b790') in 0.002431 seconds
  Import took 0.003913 seconds .

========================================================================
Received Import Request.
  Time since last request: 6.434891 seconds.
  path: Assets/Materials/Water.mat
  artifactKey: Guid(8c8b976cab74f8c45b56c4d3cd49fab3) Importer(815301076,1909f56bfc062723c751e8b465ee728b)
Start importing Assets/Materials/Water.mat using Guid(8c8b976cab74f8c45b56c4d3cd49fab3) Importer(815301076,1909f56bfc062723c751e8b465ee728b)  -> (artifact id: 'd9880cac81143b07f742041ffb00bdaf') in 0.027908 seconds
  Import took 0.029449 seconds .

========================================================================
Received Import Request.
  Time since last request: 43.024275 seconds.
  path: Assets/Prefabs/Player Boat.prefab
  artifactKey: Guid(53fd60b19d5703f49a8990a679fd48e9) Importer(815301076,1909f56bfc062723c751e8b465ee728b)
Start importing Assets/Prefabs/Player Boat.prefab using Guid(53fd60b19d5703f49a8990a679fd48e9) Importer(815301076,1909f56bfc062723c751e8b465ee728b)  -> (artifact id: 'dfa7e79581be40e30bf50acb35d52c9c') in 0.017126 seconds
  Import took 0.019204 seconds .

========================================================================
Received Import Request.
  Time since last request: 7.525637 seconds.
  path: Assets/Prefabs/Player Boat.prefab
  artifactKey: Guid(53fd60b19d5703f49a8990a679fd48e9) Importer(815301076,1909f56bfc062723c751e8b465ee728b)
Start importing Assets/Prefabs/Player Boat.prefab using Guid(53fd60b19d5703f49a8990a679fd48e9) Importer(815301076,1909f56bfc062723c751e8b465ee728b)  -> (artifact id: '507799611057160b71bcd84489ad5748') in 0.026974 seconds
  Import took 0.028968 seconds .

========================================================================
Received Prepare
Registering precompiled user dll's ...
Registered in 0.000829 seconds.
Begin MonoManager ReloadAssembly
Native extension for WindowsStandalone target not found
Native extension for WebGL target not found
Refreshing native plugins compatible for Editor in 0.20 ms, found 0 plugins.
Preloading 0 native plugins for Editor in 0.00 ms.
Invoked RoslynAnalysisRunner static constructor.
RoslynAnalysisRunner will not be running.
RoslynAnalysisRunner has terminated.
Mono: successfully reloaded assembly
- Completed reload, in  0.596 seconds
Platform modules already initialized, skipping
Refreshing native plugins compatible for Editor in 0.20 ms, found 0 plugins.
Preloading 0 native plugins for Editor in 0.00 ms.
Unloading 1122 Unused Serialized files (Serialized files now loaded: 0)
System memory in use before: 78.7 MB.
System memory in use after: 78.7 MB.

Unloading 6 unused Assets to reduce memory usage. Loaded Objects now: 1641.
Total: 1.319900 ms (FindLiveObjects: 0.130600 ms CreateObjectMapping: 0.035100 ms MarkObjects: 1.106200 ms  DeleteObjects: 0.047100 ms)

========================================================================
Received Prepare
Registering precompiled user dll's ...
Registered in 0.000713 seconds.
Begin MonoManager ReloadAssembly
Native extension for WindowsStandalone target not found
Native extension for WebGL target not found
Refreshing native plugins compatible for Editor in 0.21 ms, found 0 plugins.
Preloading 0 native plugins for Editor in 0.00 ms.
Invoked RoslynAnalysisRunner static constructor.
RoslynAnalysisRunner will not be running.
RoslynAnalysisRunner has terminated.
Mono: successfully reloaded assembly
- Completed reload, in  0.609 seconds
Platform modules already initialized, skipping
Refreshing native plugins compatible for Editor in 0.20 ms, found 0 plugins.
Preloading 0 native plugins for Editor in 0.00 ms.
Unloading 1122 Unused Serialized files (Serialized files now loaded: 0)
System memory in use before: 78.7 MB.
System memory in use after: 78.8 MB.

Unloading 5 unused Assets to reduce memory usage. Loaded Objects now: 1644.
Total: 1.635400 ms (FindLiveObjects: 0.133100 ms CreateObjectMapping: 0.032300 ms MarkObjects: 1.418800 ms  DeleteObjects: 0.050100 ms)

========================================================================
Received Prepare
Registering precompiled user dll's ...
Registered in 0.000671 seconds.
Begin MonoManager ReloadAssembly
Native extension for WindowsStandalone target not found
Native extension for WebGL target not found
Refreshing native plugins compatible for Editor in 0.19 ms, found 0 plugins.
Preloading 0 native plugins for Editor in 0.00 ms.
Invoked RoslynAnalysisRunner static constructor.
RoslynAnalysisRunner will not be running.
RoslynAnalysisRunner has terminated.
Mono: successfully reloaded assembly
- Completed reload, in  0.585 seconds
Platform modules already initialized, skipping
Refreshing native plugins compatible for Editor in 0.20 ms, found 0 plugins.
Preloading 0 native plugins for Editor in 0.00 ms.
Unloading 1122 Unused Serialized files (Serialized files now loaded: 0)
System memory in use before: 78.7 MB.
System memory in use after: 78.8 MB.

Unloading 5 unused Assets to reduce memory usage. Loaded Objects now: 1647.
Total: 1.247300 ms (FindLiveObjects: 0.120900 ms CreateObjectMapping: 0.029200 ms MarkObjects: 1.051800 ms  DeleteObjects: 0.044500 ms)

========================================================================
Received Prepare
Registering precompiled user dll's ...
Registered in 0.000788 seconds.
Begin MonoManager ReloadAssembly
Native extension for WindowsStandalone target not found
Native extension for WebGL target not found
Refreshing native plugins compatible for Editor in 0.20 ms, found 0 plugins.
Preloading 0 native plugins for Editor in 0.00 ms.
Invoked RoslynAnalysisRunner static constructor.
RoslynAnalysisRunner will not be running.
RoslynAnalysisRunner has terminated.
Mono: successfully reloaded assembly
- Completed reload, in  0.589 seconds
Platform modules already initialized, skipping
Refreshing native plugins compatible for Editor in 0.20 ms, found 0 plugins.
Preloading 0 native plugins for Editor in 0.00 ms.
Unloading 1122 Unused Serialized files (Serialized files now loaded: 0)
System memory in use before: 78.7 MB.
System memory in use after: 78.8 MB.

Unloading 5 unused Assets to reduce memory usage. Loaded Objects now: 1650.
Total: 1.684200 ms (FindLiveObjects: 0.138500 ms CreateObjectMapping: 0.038600 ms MarkObjects: 1.459500 ms  DeleteObjects: 0.046700 ms)

========================================================================
Received Prepare
Registering precompiled user dll's ...
Registered in 0.000715 seconds.
Begin MonoManager ReloadAssembly
Native extension for WindowsStandalone target not found
Native extension for WebGL target not found
Refreshing native plugins compatible for Editor in 0.20 ms, found 0 plugins.
Preloading 0 native plugins for Editor in 0.00 ms.
Invoked RoslynAnalysisRunner static constructor.
RoslynAnalysisRunner will not be running.
RoslynAnalysisRunner has terminated.
Mono: successfully reloaded assembly
- Completed reload, in  0.582 seconds
Platform modules already initialized, skipping
Refreshing native plugins compatible for Editor in 0.20 ms, found 0 plugins.
Preloading 0 native plugins for Editor in 0.00 ms.
Unloading 1122 Unused Serialized files (Serialized files now loaded: 0)
System memory in use before: 78.7 MB.
System memory in use after: 78.8 MB.

Unloading 5 unused Assets to reduce memory usage. Loaded Objects now: 1653.
Total: 1.597900 ms (FindLiveObjects: 0.226700 ms CreateObjectMapping: 0.040800 ms MarkObjects: 1.279200 ms  DeleteObjects: 0.050100 ms)

========================================================================
Received Prepare
Registering precompiled user dll's ...
Registered in 0.000658 seconds.
Begin MonoManager ReloadAssembly
Native extension for WindowsStandalone target not found
Native extension for WebGL target not found
Refreshing native plugins compatible for Editor in 0.20 ms, found 0 plugins.
Preloading 0 native plugins for Editor in 0.00 ms.
Invoked RoslynAnalysisRunner static constructor.
RoslynAnalysisRunner will not be running.
RoslynAnalysisRunner has terminated.
Mono: successfully reloaded assembly
- Completed reload, in  0.583 seconds
Platform modules already initialized, skipping
Refreshing native plugins compatible for Editor in 0.20 ms, found 0 plugins.
Preloading 0 native plugins for Editor in 0.00 ms.
Unloading 1122 Unused Serialized files (Serialized files now loaded: 0)
System memory in use before: 78.7 MB.
System memory in use after: 78.8 MB.

Unloading 5 unused Assets to reduce memory usage. Loaded Objects now: 1656.
Total: 1.307300 ms (FindLiveObjects: 0.126600 ms CreateObjectMapping: 0.033600 ms MarkObjects: 1.090400 ms  DeleteObjects: 0.056000 ms)

========================================================================
Received Prepare
Registering precompiled user dll's ...
Registered in 0.000743 seconds.
Begin MonoManager ReloadAssembly
Native extension for WindowsStandalone target not found
Native extension for WebGL target not found
Refreshing native plugins compatible for Editor in 0.20 ms, found 0 plugins.
Preloading 0 native plugins for Editor in 0.00 ms.
Invoked RoslynAnalysisRunner static constructor.
RoslynAnalysisRunner will not be running.
RoslynAnalysisRunner has terminated.
Mono: successfully reloaded assembly
- Completed reload, in  0.601 seconds
Platform modules already initialized, skipping
Refreshing native plugins compatible for Editor in 0.20 ms, found 0 plugins.
Preloading 0 native plugins for Editor in 0.00 ms.
Unloading 1122 Unused Serialized files (Serialized files now loaded: 0)
System memory in use before: 78.7 MB.
System memory in use after: 78.8 MB.

Unloading 5 unused Assets to reduce memory usage. Loaded Objects now: 1659.
Total: 1.314000 ms (FindLiveObjects: 0.124300 ms CreateObjectMapping: 0.030500 ms MarkObjects: 1.111600 ms  DeleteObjects: 0.046800 ms)

========================================================================
Received Prepare
Registering precompiled user dll's ...
Registered in 0.000718 seconds.
Begin MonoManager ReloadAssembly
Native extension for WindowsStandalone target not found
Native extension for WebGL target not found
Refreshing native plugins compatible for Editor in 0.20 ms, found 0 plugins.
Preloading 0 native plugins for Editor in 0.00 ms.
Invoked RoslynAnalysisRunner static constructor.
RoslynAnalysisRunner will not be running.
RoslynAnalysisRunner has terminated.
Mono: successfully reloaded assembly
- Completed reload, in  0.594 seconds
Platform modules already initialized, skipping
Refreshing native plugins compatible for Editor in 0.20 ms, found 0 plugins.
Preloading 0 native plugins for Editor in 0.00 ms.
Unloading 1122 Unused Serialized files (Serialized files now loaded: 0)
System memory in use before: 78.8 MB.
System memory in use after: 78.8 MB.

Unloading 5 unused Assets to reduce memory usage. Loaded Objects now: 1662.
Total: 1.364900 ms (FindLiveObjects: 0.121700 ms CreateObjectMapping: 0.032900 ms MarkObjects: 1.162600 ms  DeleteObjects: 0.046900 ms)

========================================================================
Received Import Request.
  Time since last request: 492.180717 seconds.
  path: Assets/Prefabs/Player Rig.prefab
  artifactKey: Guid(fee03ba1731fd6f4f903fb8aecddbec3) Importer(815301076,1909f56bfc062723c751e8b465ee728b)
Start importing Assets/Prefabs/Player Rig.prefab using Guid(fee03ba1731fd6f4f903fb8aecddbec3) Importer(815301076,1909f56bfc062723c751e8b465ee728b)  -> (artifact id: 'cd827b9f677a69ead711de3369ecf3e8') in 0.044805 seconds
  Import took 0.046426 seconds .

========================================================================
Received Prepare
Registering precompiled user dll's ...
Registered in 0.000741 seconds.
Begin MonoManager ReloadAssembly
Native extension for WindowsStandalone target not found
Native extension for WebGL target not found
Refreshing native plugins compatible for Editor in 0.20 ms, found 0 plugins.
Preloading 0 native plugins for Editor in 0.00 ms.
Invoked RoslynAnalysisRunner static constructor.
RoslynAnalysisRunner will not be running.
RoslynAnalysisRunner has terminated.
Mono: successfully reloaded assembly
- Completed reload, in  0.584 seconds
Platform modules already initialized, skipping
Refreshing native plugins compatible for Editor in 0.20 ms, found 0 plugins.
Preloading 0 native plugins for Editor in 0.00 ms.
Unloading 1122 Unused Serialized files (Serialized files now loaded: 0)
System memory in use before: 78.8 MB.
System memory in use after: 78.9 MB.

Unloading 6 unused Assets to reduce memory usage. Loaded Objects now: 1666.
Total: 1.263900 ms (FindLiveObjects: 0.123000 ms CreateObjectMapping: 0.029100 ms MarkObjects: 1.065000 ms  DeleteObjects: 0.046200 ms)

========================================================================
Received Prepare
Registering precompiled user dll's ...
Registered in 0.000671 seconds.
Begin MonoManager ReloadAssembly
Native extension for WindowsStandalone target not found
Native extension for WebGL target not found
Refreshing native plugins compatible for Editor in 0.20 ms, found 0 plugins.
Preloading 0 native plugins for Editor in 0.00 ms.
Invoked RoslynAnalysisRunner static constructor.
RoslynAnalysisRunner will not be running.
RoslynAnalysisRunner has terminated.
Mono: successfully reloaded assembly
- Completed reload, in  0.574 seconds
Platform modules already initialized, skipping
Refreshing native plugins compatible for Editor in 0.20 ms, found 0 plugins.
Preloading 0 native plugins for Editor in 0.00 ms.
Unloading 1122 Unused Serialized files (Serialized files now loaded: 0)
System memory in use before: 78.8 MB.
System memory in use after: 78.9 MB.

Unloading 5 unused Assets to reduce memory usage. Loaded Objects now: 1669.
Total: 1.351000 ms (FindLiveObjects: 0.156600 ms CreateObjectMapping: 0.039500 ms MarkObjects: 1.107100 ms  DeleteObjects: 0.046900 ms)

========================================================================
Received Import Request.
  Time since last request: 115.394581 seconds.
  path: Assets/Prefabs/Player Boat.prefab
  artifactKey: Guid(53fd60b19d5703f49a8990a679fd48e9) Importer(815301076,1909f56bfc062723c751e8b465ee728b)
Start importing Assets/Prefabs/Player Boat.prefab using Guid(53fd60b19d5703f49a8990a679fd48e9) Importer(815301076,1909f56bfc062723c751e8b465ee728b)  -> (artifact id: '563d1b2e33af4c16d96545bc985014ae') in 0.039119 seconds
  Import took 0.042564 seconds .

========================================================================
Received Import Request.
  Time since last request: 4.937105 seconds.
  path: Assets/Prefabs/Player Boat.prefab
  artifactKey: Guid(53fd60b19d5703f49a8990a679fd48e9) Importer(815301076,1909f56bfc062723c751e8b465ee728b)
Start importing Assets/Prefabs/Player Boat.prefab using Guid(53fd60b19d5703f49a8990a679fd48e9) Importer(815301076,1909f56bfc062723c751e8b465ee728b)  -> (artifact id: '0718c04b32726d2b27af63daac972240') in 0.007185 seconds
  Import took 0.009208 seconds .

========================================================================
Received Import Request.
  Time since last request: 6.023563 seconds.
  path: Assets/Prefabs/Player Boat.prefab
  artifactKey: Guid(53fd60b19d5703f49a8990a679fd48e9) Importer(815301076,1909f56bfc062723c751e8b465ee728b)
Start importing Assets/Prefabs/Player Boat.prefab using Guid(53fd60b19d5703f49a8990a679fd48e9) Importer(815301076,1909f56bfc062723c751e8b465ee728b)  -> (artifact id: 'd6e90fd7694a2eda91b4fba46aee10f2') in 0.007508 seconds
  Import took 0.009105 seconds .

========================================================================
Received Prepare
Registering precompiled user dll's ...
Registered in 0.000836 seconds.
Begin MonoManager ReloadAssembly
Native extension for WindowsStandalone target not found
Native extension for WebGL target not found
Refreshing native plugins compatible for Editor in 0.20 ms, found 0 plugins.
Preloading 0 native plugins for Editor in 0.00 ms.
Invoked RoslynAnalysisRunner static constructor.
RoslynAnalysisRunner will not be running.
RoslynAnalysisRunner has terminated.
Mono: successfully reloaded assembly
- Completed reload, in  0.591 seconds
Platform modules already initialized, skipping
Refreshing native plugins compatible for Editor in 0.20 ms, found 0 plugins.
Preloading 0 native plugins for Editor in 0.00 ms.
Unloading 1122 Unused Serialized files (Serialized files now loaded: 0)
System memory in use before: 78.8 MB.
System memory in use after: 78.9 MB.

Unloading 6 unused Assets to reduce memory usage. Loaded Objects now: 1673.
Total: 1.267300 ms (FindLiveObjects: 0.126100 ms CreateObjectMapping: 0.028300 ms MarkObjects: 1.064400 ms  DeleteObjects: 0.047200 ms)

========================================================================
Received Prepare
Registering precompiled user dll's ...
Registered in 0.000688 seconds.
Begin MonoManager ReloadAssembly
Native extension for WindowsStandalone target not found
Native extension for WebGL target not found
Refreshing native plugins compatible for Editor in 0.21 ms, found 0 plugins.
Preloading 0 native plugins for Editor in 0.00 ms.
Invoked RoslynAnalysisRunner static constructor.
RoslynAnalysisRunner will not be running.
RoslynAnalysisRunner has terminated.
Mono: successfully reloaded assembly
- Completed reload, in  0.596 seconds
Platform modules already initialized, skipping
Refreshing native plugins compatible for Editor in 0.20 ms, found 0 plugins.
Preloading 0 native plugins for Editor in 0.00 ms.
Unloading 1122 Unused Serialized files (Serialized files now loaded: 0)
System memory in use before: 78.8 MB.
System memory in use after: 78.9 MB.

Unloading 5 unused Assets to reduce memory usage. Loaded Objects now: 1676.
Total: 1.312800 ms (FindLiveObjects: 0.126100 ms CreateObjectMapping: 0.033800 ms MarkObjects: 1.098100 ms  DeleteObjects: 0.054000 ms)

========================================================================
Received Prepare
Registering precompiled user dll's ...
Registered in 0.000692 seconds.
Begin MonoManager ReloadAssembly
Native extension for WindowsStandalone target not found
Native extension for WebGL target not found
Refreshing native plugins compatible for Editor in 0.20 ms, found 0 plugins.
Preloading 0 native plugins for Editor in 0.00 ms.
Invoked RoslynAnalysisRunner static constructor.
RoslynAnalysisRunner will not be running.
RoslynAnalysisRunner has terminated.
Mono: successfully reloaded assembly
- Completed reload, in  0.584 seconds
Platform modules already initialized, skipping
Refreshing native plugins compatible for Editor in 0.20 ms, found 0 plugins.
Preloading 0 native plugins for Editor in 0.00 ms.
Unloading 1122 Unused Serialized files (Serialized files now loaded: 0)
System memory in use before: 78.8 MB.
System memory in use after: 78.9 MB.

Unloading 5 unused Assets to reduce memory usage. Loaded Objects now: 1679.
Total: 1.245700 ms (FindLiveObjects: 0.103600 ms CreateObjectMapping: 0.026700 ms MarkObjects: 1.068400 ms  DeleteObjects: 0.046300 ms)

========================================================================
Received Prepare
Registering precompiled user dll's ...
Registered in 0.000698 seconds.
Begin MonoManager ReloadAssembly
Native extension for WindowsStandalone target not found
Native extension for WebGL target not found
Refreshing native plugins compatible for Editor in 0.20 ms, found 0 plugins.
Preloading 0 native plugins for Editor in 0.00 ms.
Invoked RoslynAnalysisRunner static constructor.
RoslynAnalysisRunner will not be running.
RoslynAnalysisRunner has terminated.
Mono: successfully reloaded assembly
- Completed reload, in  0.582 seconds
Platform modules already initialized, skipping
Refreshing native plugins compatible for Editor in 0.22 ms, found 0 plugins.
Preloading 0 native plugins for Editor in 0.00 ms.
Unloading 1122 Unused Serialized files (Serialized files now loaded: 0)
System memory in use before: 78.8 MB.
System memory in use after: 78.9 MB.

Unloading 5 unused Assets to reduce memory usage. Loaded Objects now: 1682.
Total: 1.320900 ms (FindLiveObjects: 0.122200 ms CreateObjectMapping: 0.031900 ms MarkObjects: 1.115900 ms  DeleteObjects: 0.050100 ms)

========================================================================
Received Prepare
Registering precompiled user dll's ...
Registered in 0.000764 seconds.
Begin MonoManager ReloadAssembly
Native extension for WindowsStandalone target not found
Native extension for WebGL target not found
Refreshing native plugins compatible for Editor in 0.20 ms, found 0 plugins.
Preloading 0 native plugins for Editor in 0.00 ms.
Invoked RoslynAnalysisRunner static constructor.
RoslynAnalysisRunner will not be running.
RoslynAnalysisRunner has terminated.
Mono: successfully reloaded assembly
- Completed reload, in  0.584 seconds
Platform modules already initialized, skipping
Refreshing native plugins compatible for Editor in 0.22 ms, found 0 plugins.
Preloading 0 native plugins for Editor in 0.00 ms.
Unloading 1122 Unused Serialized files (Serialized files now loaded: 0)
System memory in use before: 78.8 MB.
System memory in use after: 78.9 MB.

Unloading 5 unused Assets to reduce memory usage. Loaded Objects now: 1685.
Total: 1.434200 ms (FindLiveObjects: 0.130500 ms CreateObjectMapping: 0.038700 ms MarkObjects: 1.218600 ms  DeleteObjects: 0.045800 ms)

========================================================================
Received Prepare
Registering precompiled user dll's ...
Registered in 0.000689 seconds.
Begin MonoManager ReloadAssembly
Native extension for WindowsStandalone target not found
Native extension for WebGL target not found
Refreshing native plugins compatible for Editor in 0.20 ms, found 0 plugins.
Preloading 0 native plugins for Editor in 0.00 ms.
Invoked RoslynAnalysisRunner static constructor.
RoslynAnalysisRunner will not be running.
RoslynAnalysisRunner has terminated.
Mono: successfully reloaded assembly
- Completed reload, in  0.597 seconds
Platform modules already initialized, skipping
Refreshing native plugins compatible for Editor in 0.20 ms, found 0 plugins.
Preloading 0 native plugins for Editor in 0.00 ms.
Unloading 1122 Unused Serialized files (Serialized files now loaded: 0)
System memory in use before: 78.8 MB.
System memory in use after: 78.9 MB.

Unloading 5 unused Assets to reduce memory usage. Loaded Objects now: 1688.
Total: 1.378600 ms (FindLiveObjects: 0.184100 ms CreateObjectMapping: 0.047100 ms MarkObjects: 1.093100 ms  DeleteObjects: 0.053200 ms)

========================================================================
Received Import Request.
  Time since last request: 284.714266 seconds.
  path: Assets/Prefabs/Player Boat.prefab
  artifactKey: Guid(53fd60b19d5703f49a8990a679fd48e9) Importer(815301076,1909f56bfc062723c751e8b465ee728b)
Start importing Assets/Prefabs/Player Boat.prefab using Guid(53fd60b19d5703f49a8990a679fd48e9) Importer(815301076,1909f56bfc062723c751e8b465ee728b)  -> (artifact id: '319e036d8bcde945d37da4ec46023bf7') in 0.039658 seconds
  Import took 0.041541 seconds .

========================================================================
Received Import Request.
  Time since last request: 0.000200 seconds.
  path: Assets/Prefabs/Player Ship.prefab
  artifactKey: Guid(bf5b4670dc37d3d4dbf7ffe7139e0b07) Importer(815301076,1909f56bfc062723c751e8b465ee728b)
Start importing Assets/Prefabs/Player Ship.prefab using Guid(bf5b4670dc37d3d4dbf7ffe7139e0b07) Importer(815301076,1909f56bfc062723c751e8b465ee728b)  -> (artifact id: 'ee4cf3e0c5c7942f4a19a4d701888e99') in 0.021485 seconds
  Import took 0.023535 seconds .

========================================================================
Received Import Request.
  Time since last request: 0.000662 seconds.
  path: Assets/Prefabs/Player Ship.prefab
  artifactKey: Guid(bf5b4670dc37d3d4dbf7ffe7139e0b07) Importer(815301076,1909f56bfc062723c751e8b465ee728b)
Start importing Assets/Prefabs/Player Ship.prefab using Guid(bf5b4670dc37d3d4dbf7ffe7139e0b07) Importer(815301076,1909f56bfc062723c751e8b465ee728b)  -> (artifact id: 'ee4cf3e0c5c7942f4a19a4d701888e99') in 0.027806 seconds
  Import took 0.029714 seconds .

========================================================================
Received Prepare
Registering precompiled user dll's ...
Registered in 0.000694 seconds.
Begin MonoManager ReloadAssembly
Native extension for WindowsStandalone target not found
Native extension for WebGL target not found
Refreshing native plugins compatible for Editor in 0.21 ms, found 0 plugins.
Preloading 0 native plugins for Editor in 0.00 ms.
Invoked RoslynAnalysisRunner static constructor.
RoslynAnalysisRunner will not be running.
RoslynAnalysisRunner has terminated.
Mono: successfully reloaded assembly
- Completed reload, in  0.599 seconds
Platform modules already initialized, skipping
Refreshing native plugins compatible for Editor in 0.21 ms, found 0 plugins.
Preloading 0 native plugins for Editor in 0.00 ms.
Unloading 1122 Unused Serialized files (Serialized files now loaded: 0)
System memory in use before: 78.8 MB.
System memory in use after: 78.9 MB.

Unloading 6 unused Assets to reduce memory usage. Loaded Objects now: 1692.
Total: 1.581200 ms (FindLiveObjects: 0.138900 ms CreateObjectMapping: 0.037400 ms MarkObjects: 1.350200 ms  DeleteObjects: 0.053700 ms)

========================================================================
Received Import Request.
  Time since last request: 88.325126 seconds.
  path: Assets/Prefabs/Player Boat.prefab
  artifactKey: Guid(53fd60b19d5703f49a8990a679fd48e9) Importer(815301076,1909f56bfc062723c751e8b465ee728b)
Start importing Assets/Prefabs/Player Boat.prefab using Guid(53fd60b19d5703f49a8990a679fd48e9) Importer(815301076,1909f56bfc062723c751e8b465ee728b)  -> (artifact id: '3efa2aab3c1a2885455387e857f4a460') in 0.040407 seconds
  Import took 0.041975 seconds .

========================================================================
Received Import Request.
  Time since last request: 0.000173 seconds.
  path: Assets/Prefabs/Player Ship.prefab
  artifactKey: Guid(bf5b4670dc37d3d4dbf7ffe7139e0b07) Importer(815301076,1909f56bfc062723c751e8b465ee728b)
Start importing Assets/Prefabs/Player Ship.prefab using Guid(bf5b4670dc37d3d4dbf7ffe7139e0b07) Importer(815301076,1909f56bfc062723c751e8b465ee728b)  -> (artifact id: '4367cba7b6a640d1b3b35980f52a25bb') in 0.016946 seconds
  Import took 0.018733 seconds .

========================================================================
Received Import Request.
  Time since last request: 0.952109 seconds.
  path: Assets/Prefabs/Player Boat.prefab
  artifactKey: Guid(53fd60b19d5703f49a8990a679fd48e9) Importer(815301076,1909f56bfc062723c751e8b465ee728b)
Start importing Assets/Prefabs/Player Boat.prefab using Guid(53fd60b19d5703f49a8990a679fd48e9) Importer(815301076,1909f56bfc062723c751e8b465ee728b)  -> (artifact id: '3efa2aab3c1a2885455387e857f4a460') in 0.007408 seconds
  Import took 0.008981 seconds .

========================================================================
Received Prepare
Registering precompiled user dll's ...
Registered in 0.000673 seconds.
Begin MonoManager ReloadAssembly
Native extension for WindowsStandalone target not found
Native extension for WebGL target not found
Refreshing native plugins compatible for Editor in 0.21 ms, found 0 plugins.
Preloading 0 native plugins for Editor in 0.00 ms.
Invoked RoslynAnalysisRunner static constructor.
RoslynAnalysisRunner will not be running.
RoslynAnalysisRunner has terminated.
Mono: successfully reloaded assembly
- Completed reload, in  0.584 seconds
Platform modules already initialized, skipping
Refreshing native plugins compatible for Editor in 0.20 ms, found 0 plugins.
Preloading 0 native plugins for Editor in 0.00 ms.
Unloading 1122 Unused Serialized files (Serialized files now loaded: 0)
System memory in use before: 78.8 MB.
System memory in use after: 78.9 MB.

Unloading 6 unused Assets to reduce memory usage. Loaded Objects now: 1696.
Total: 1.590800 ms (FindLiveObjects: 0.175300 ms CreateObjectMapping: 0.042700 ms MarkObjects: 1.319600 ms  DeleteObjects: 0.052100 ms)

========================================================================
Received Prepare
Registering precompiled user dll's ...
Registered in 0.000696 seconds.
Begin MonoManager ReloadAssembly
Native extension for WindowsStandalone target not found
Native extension for WebGL target not found
Refreshing native plugins compatible for Editor in 0.22 ms, found 0 plugins.
Preloading 0 native plugins for Editor in 0.00 ms.
Invoked RoslynAnalysisRunner static constructor.
RoslynAnalysisRunner will not be running.
RoslynAnalysisRunner has terminated.
Mono: successfully reloaded assembly
- Completed reload, in  0.578 seconds
Platform modules already initialized, skipping
Refreshing native plugins compatible for Editor in 0.20 ms, found 0 plugins.
Preloading 0 native plugins for Editor in 0.00 ms.
Unloading 1122 Unused Serialized files (Serialized files now loaded: 0)
System memory in use before: 78.8 MB.
System memory in use after: 78.9 MB.

Unloading 5 unused Assets to reduce memory usage. Loaded Objects now: 1699.
Total: 1.396000 ms (FindLiveObjects: 0.115400 ms CreateObjectMapping: 0.031900 ms MarkObjects: 1.199700 ms  DeleteObjects: 0.048300 ms)

========================================================================
Received Import Request.
  Time since last request: 73.848669 seconds.
  path: Assets/Prefabs/Player Boat.prefab
  artifactKey: Guid(53fd60b19d5703f49a8990a679fd48e9) Importer(815301076,1909f56bfc062723c751e8b465ee728b)
Start importing Assets/Prefabs/Player Boat.prefab using Guid(53fd60b19d5703f49a8990a679fd48e9) Importer(815301076,1909f56bfc062723c751e8b465ee728b)  -> (artifact id: '77bff64aec00a110c4fb90c1d1e55109') in 0.041277 seconds
  Import took 0.042873 seconds .

========================================================================
Received Import Request.
  Time since last request: 4.372834 seconds.
  path: Assets/Prefabs/Player Boat.prefab
  artifactKey: Guid(53fd60b19d5703f49a8990a679fd48e9) Importer(815301076,1909f56bfc062723c751e8b465ee728b)
Start importing Assets/Prefabs/Player Boat.prefab using Guid(53fd60b19d5703f49a8990a679fd48e9) Importer(815301076,1909f56bfc062723c751e8b465ee728b)  -> (artifact id: '6c1c3c14275fe62a7c88c83927d3a7ed') in 0.008335 seconds
  Import took 0.009918 seconds .

========================================================================
Received Import Request.
  Time since last request: 2.808882 seconds.
  path: Assets/Prefabs/Player Boat.prefab
  artifactKey: Guid(53fd60b19d5703f49a8990a679fd48e9) Importer(815301076,1909f56bfc062723c751e8b465ee728b)
Start importing Assets/Prefabs/Player Boat.prefab using Guid(53fd60b19d5703f49a8990a679fd48e9) Importer(815301076,1909f56bfc062723c751e8b465ee728b)  -> (artifact id: 'ebe5cd58dad3c5bd0ead94cff4903f60') in 0.008860 seconds
  Import took 0.010485 seconds .

========================================================================
Received Import Request.
  Time since last request: 1.400651 seconds.
  path: Assets/Prefabs/Player Boat.prefab
  artifactKey: Guid(53fd60b19d5703f49a8990a679fd48e9) Importer(815301076,1909f56bfc062723c751e8b465ee728b)
Start importing Assets/Prefabs/Player Boat.prefab using Guid(53fd60b19d5703f49a8990a679fd48e9) Importer(815301076,1909f56bfc062723c751e8b465ee728b)  -> (artifact id: '6d0037909a1ee802087261cf8d3b32fe') in 0.009904 seconds
  Import took 0.011515 seconds .

========================================================================
Received Import Request.
  Time since last request: 2.613756 seconds.
  path: Assets/Prefabs/Player Boat.prefab
  artifactKey: Guid(53fd60b19d5703f49a8990a679fd48e9) Importer(815301076,1909f56bfc062723c751e8b465ee728b)
Start importing Assets/Prefabs/Player Boat.prefab using Guid(53fd60b19d5703f49a8990a679fd48e9) Importer(815301076,1909f56bfc062723c751e8b465ee728b)  -> (artifact id: '603f8e9dcd958c51a36c41ab2b573ace') in 0.007136 seconds
  Import took 0.008752 seconds .

========================================================================
Received Import Request.
  Time since last request: 1.809061 seconds.
  path: Assets/Prefabs/Player Boat.prefab
  artifactKey: Guid(53fd60b19d5703f49a8990a679fd48e9) Importer(815301076,1909f56bfc062723c751e8b465ee728b)
Start importing Assets/Prefabs/Player Boat.prefab using Guid(53fd60b19d5703f49a8990a679fd48e9) Importer(815301076,1909f56bfc062723c751e8b465ee728b)  -> (artifact id: '4379cb57e9471066087a701ee29c59c5') in 0.007886 seconds
  Import took 0.009465 seconds .

========================================================================
Received Import Request.
  Time since last request: 1.805028 seconds.
  path: Assets/Prefabs/Player Boat.prefab
  artifactKey: Guid(53fd60b19d5703f49a8990a679fd48e9) Importer(815301076,1909f56bfc062723c751e8b465ee728b)
Start importing Assets/Prefabs/Player Boat.prefab using Guid(53fd60b19d5703f49a8990a679fd48e9) Importer(815301076,1909f56bfc062723c751e8b465ee728b)  -> (artifact id: 'ecd980ef287c226903e9cf4760c091ee') in 0.006680 seconds
  Import took 0.008211 seconds .

========================================================================
Received Import Request.
  Time since last request: 2.211787 seconds.
  path: Assets/Prefabs/Player Boat.prefab
  artifactKey: Guid(53fd60b19d5703f49a8990a679fd48e9) Importer(815301076,1909f56bfc062723c751e8b465ee728b)
Start importing Assets/Prefabs/Player Boat.prefab using Guid(53fd60b19d5703f49a8990a679fd48e9) Importer(815301076,1909f56bfc062723c751e8b465ee728b)  -> (artifact id: '1fac13a3bdf69353dfc3a56e3aeb3e13') in 0.005954 seconds
  Import took 0.007724 seconds .

========================================================================
Received Import Request.
  Time since last request: 1.602061 seconds.
  path: Assets/Prefabs/Player Boat.prefab
  artifactKey: Guid(53fd60b19d5703f49a8990a679fd48e9) Importer(815301076,1909f56bfc062723c751e8b465ee728b)
Start importing Assets/Prefabs/Player Boat.prefab using Guid(53fd60b19d5703f49a8990a679fd48e9) Importer(815301076,1909f56bfc062723c751e8b465ee728b)  -> (artifact id: 'ed7acd5fe4a305498fb95ac161ecf8ab') in 0.007133 seconds
  Import took 0.008693 seconds .

========================================================================
Received Import Request.
  Time since last request: 2.013843 seconds.
  path: Assets/Prefabs/Player Boat.prefab
  artifactKey: Guid(53fd60b19d5703f49a8990a679fd48e9) Importer(815301076,1909f56bfc062723c751e8b465ee728b)
Start importing Assets/Prefabs/Player Boat.prefab using Guid(53fd60b19d5703f49a8990a679fd48e9) Importer(815301076,1909f56bfc062723c751e8b465ee728b)  -> (artifact id: '56c2b0f6c0e7c20c9759991808347ce4') in 0.009455 seconds
  Import took 0.011117 seconds .

========================================================================
Received Prepare
Registering precompiled user dll's ...
Registered in 0.000694 seconds.
Begin MonoManager ReloadAssembly
Native extension for WindowsStandalone target not found
Native extension for WebGL target not found
Refreshing native plugins compatible for Editor in 0.20 ms, found 0 plugins.
Preloading 0 native plugins for Editor in 0.00 ms.
Invoked RoslynAnalysisRunner static constructor.
RoslynAnalysisRunner will not be running.
RoslynAnalysisRunner has terminated.
Mono: successfully reloaded assembly
- Completed reload, in  0.595 seconds
Platform modules already initialized, skipping
Refreshing native plugins compatible for Editor in 0.20 ms, found 0 plugins.
Preloading 0 native plugins for Editor in 0.00 ms.
Unloading 1122 Unused Serialized files (Serialized files now loaded: 0)
System memory in use before: 78.9 MB.
System memory in use after: 79.0 MB.

Unloading 6 unused Assets to reduce memory usage. Loaded Objects now: 1703.
Total: 1.469600 ms (FindLiveObjects: 0.118400 ms CreateObjectMapping: 0.032800 ms MarkObjects: 1.262700 ms  DeleteObjects: 0.054800 ms)

========================================================================
Received Prepare
Registering precompiled user dll's ...
Registered in 0.000814 seconds.
Begin MonoManager ReloadAssembly
Native extension for WindowsStandalone target not found
Native extension for WebGL target not found
Refreshing native plugins compatible for Editor in 0.20 ms, found 0 plugins.
Preloading 0 native plugins for Editor in 0.00 ms.
Invoked RoslynAnalysisRunner static constructor.
RoslynAnalysisRunner will not be running.
RoslynAnalysisRunner has terminated.
Mono: successfully reloaded assembly
- Completed reload, in  0.581 seconds
Platform modules already initialized, skipping
Refreshing native plugins compatible for Editor in 0.20 ms, found 0 plugins.
Preloading 0 native plugins for Editor in 0.00 ms.
Unloading 1122 Unused Serialized files (Serialized files now loaded: 0)
System memory in use before: 78.9 MB.
System memory in use after: 79.0 MB.

Unloading 5 unused Assets to reduce memory usage. Loaded Objects now: 1706.
Total: 1.199700 ms (FindLiveObjects: 0.107600 ms CreateObjectMapping: 0.028300 ms MarkObjects: 1.016400 ms  DeleteObjects: 0.046600 ms)

========================================================================
Received Prepare
Registering precompiled user dll's ...
Registered in 0.000691 seconds.
Begin MonoManager ReloadAssembly
Native extension for WindowsStandalone target not found
Native extension for WebGL target not found
Refreshing native plugins compatible for Editor in 0.20 ms, found 0 plugins.
Preloading 0 native plugins for Editor in 0.00 ms.
Invoked RoslynAnalysisRunner static constructor.
RoslynAnalysisRunner will not be running.
RoslynAnalysisRunner has terminated.
Mono: successfully reloaded assembly
- Completed reload, in  0.590 seconds
Platform modules already initialized, skipping
Refreshing native plugins compatible for Editor in 0.20 ms, found 0 plugins.
Preloading 0 native plugins for Editor in 0.00 ms.
Unloading 1122 Unused Serialized files (Serialized files now loaded: 0)
System memory in use before: 78.9 MB.
System memory in use after: 79.0 MB.

Unloading 5 unused Assets to reduce memory usage. Loaded Objects now: 1709.
Total: 1.414700 ms (FindLiveObjects: 0.138900 ms CreateObjectMapping: 0.033800 ms MarkObjects: 1.187500 ms  DeleteObjects: 0.053500 ms)

========================================================================
Received Prepare
Registering precompiled user dll's ...
Registered in 0.000843 seconds.
Begin MonoManager ReloadAssembly
Native extension for WindowsStandalone target not found
Native extension for WebGL target not found
Refreshing native plugins compatible for Editor in 0.21 ms, found 0 plugins.
Preloading 0 native plugins for Editor in 0.00 ms.
Invoked RoslynAnalysisRunner static constructor.
RoslynAnalysisRunner will not be running.
RoslynAnalysisRunner has terminated.
Mono: successfully reloaded assembly
- Completed reload, in  0.600 seconds
Platform modules already initialized, skipping
Refreshing native plugins compatible for Editor in 0.20 ms, found 0 plugins.
Preloading 0 native plugins for Editor in 0.00 ms.
Unloading 1122 Unused Serialized files (Serialized files now loaded: 0)
System memory in use before: 78.9 MB.
System memory in use after: 79.0 MB.

Unloading 5 unused Assets to reduce memory usage. Loaded Objects now: 1712.
Total: 1.293000 ms (FindLiveObjects: 0.110000 ms CreateObjectMapping: 0.027200 ms MarkObjects: 1.109200 ms  DeleteObjects: 0.045900 ms)

========================================================================
Received Import Request.
  Time since last request: 194.781948 seconds.
  path: Assets/Prefabs/Player Boat.prefab
  artifactKey: Guid(53fd60b19d5703f49a8990a679fd48e9) Importer(815301076,1909f56bfc062723c751e8b465ee728b)
Start importing Assets/Prefabs/Player Boat.prefab using Guid(53fd60b19d5703f49a8990a679fd48e9) Importer(815301076,1909f56bfc062723c751e8b465ee728b)  -> (artifact id: '21f67569eafc1aef152baff584dd5de9') in 0.040668 seconds
  Import took 0.042179 seconds .

========================================================================
Received Import Request.
  Time since last request: 5.759153 seconds.
  path: Assets/Prefabs/Player Boat.prefab
  artifactKey: Guid(53fd60b19d5703f49a8990a679fd48e9) Importer(815301076,1909f56bfc062723c751e8b465ee728b)
Start importing Assets/Prefabs/Player Boat.prefab using Guid(53fd60b19d5703f49a8990a679fd48e9) Importer(815301076,1909f56bfc062723c751e8b465ee728b)  -> (artifact id: 'd6c22f8416da790669895fec2eed2257') in 0.015571 seconds
  Import took 0.017176 seconds .

========================================================================
Received Import Request.
  Time since last request: 7.378562 seconds.
  path: Assets/Prefabs/Player Boat.prefab
  artifactKey: Guid(53fd60b19d5703f49a8990a679fd48e9) Importer(815301076,1909f56bfc062723c751e8b465ee728b)
Start importing Assets/Prefabs/Player Boat.prefab using Guid(53fd60b19d5703f49a8990a679fd48e9) Importer(815301076,1909f56bfc062723c751e8b465ee728b)  -> (artifact id: '25e1009756ca1bbbe6b950b93bc50d39') in 0.011059 seconds
  Import took 0.012656 seconds .

========================================================================
Received Import Request.
  Time since last request: 1.516434 seconds.
  path: Assets/Prefabs/Player Boat.prefab
  artifactKey: Guid(53fd60b19d5703f49a8990a679fd48e9) Importer(815301076,1909f56bfc062723c751e8b465ee728b)
Start importing Assets/Prefabs/Player Boat.prefab using Guid(53fd60b19d5703f49a8990a679fd48e9) Importer(815301076,1909f56bfc062723c751e8b465ee728b)  -> (artifact id: '2ef756aeaabfdb5c5a55fff37ef61b36') in 0.018588 seconds
  Import took 0.020165 seconds .

========================================================================
Received Import Request.
  Time since last request: 2.984232 seconds.
  path: Assets/Prefabs/Player Boat.prefab
  artifactKey: Guid(53fd60b19d5703f49a8990a679fd48e9) Importer(815301076,1909f56bfc062723c751e8b465ee728b)
Start importing Assets/Prefabs/Player Boat.prefab using Guid(53fd60b19d5703f49a8990a679fd48e9) Importer(815301076,1909f56bfc062723c751e8b465ee728b)  -> (artifact id: '280610ea24b3184c9ba62db9b9cdd8fa') in 0.012453 seconds
  Import took 0.014306 seconds .

========================================================================
Received Import Request.
  Time since last request: 1.438503 seconds.
  path: Assets/Prefabs/Player Boat.prefab
  artifactKey: Guid(53fd60b19d5703f49a8990a679fd48e9) Importer(815301076,1909f56bfc062723c751e8b465ee728b)
Start importing Assets/Prefabs/Player Boat.prefab using Guid(53fd60b19d5703f49a8990a679fd48e9) Importer(815301076,1909f56bfc062723c751e8b465ee728b)  -> (artifact id: '3aae282ecf8582301bec70dfd2202972') in 0.010839 seconds
  Import took 0.012434 seconds .

========================================================================
Received Prepare
Registering precompiled user dll's ...
Registered in 0.000812 seconds.
Begin MonoManager ReloadAssembly
Native extension for WindowsStandalone target not found
Native extension for WebGL target not found
Refreshing native plugins compatible for Editor in 0.23 ms, found 0 plugins.
Preloading 0 native plugins for Editor in 0.00 ms.
Invoked RoslynAnalysisRunner static constructor.
RoslynAnalysisRunner will not be running.
RoslynAnalysisRunner has terminated.
Mono: successfully reloaded assembly
- Completed reload, in  0.695 seconds
Platform modules already initialized, skipping
Refreshing native plugins compatible for Editor in 0.21 ms, found 0 plugins.
Preloading 0 native plugins for Editor in 0.00 ms.
Unloading 1122 Unused Serialized files (Serialized files now loaded: 0)
System memory in use before: 78.9 MB.
System memory in use after: 79.0 MB.

Unloading 6 unused Assets to reduce memory usage. Loaded Objects now: 1716.
Total: 1.306300 ms (FindLiveObjects: 0.134100 ms CreateObjectMapping: 0.032900 ms MarkObjects: 1.088200 ms  DeleteObjects: 0.050100 ms)

========================================================================
Received Import Request.
  Time since last request: 39.728179 seconds.
  path: Assets/Prefabs/Player Boat.prefab
  artifactKey: Guid(53fd60b19d5703f49a8990a679fd48e9) Importer(815301076,1909f56bfc062723c751e8b465ee728b)
Start importing Assets/Prefabs/Player Boat.prefab using Guid(53fd60b19d5703f49a8990a679fd48e9) Importer(815301076,1909f56bfc062723c751e8b465ee728b)  -> (artifact id: '3e69845602af2e0296c53847daa43010') in 0.042074 seconds
  Import took 0.043786 seconds .

========================================================================
Received Prepare
Registering precompiled user dll's ...
Registered in 0.000818 seconds.
Begin MonoManager ReloadAssembly
Native extension for WindowsStandalone target not found
Native extension for WebGL target not found
Refreshing native plugins compatible for Editor in 0.22 ms, found 0 plugins.
Preloading 0 native plugins for Editor in 0.00 ms.
Invoked RoslynAnalysisRunner static constructor.
RoslynAnalysisRunner will not be running.
RoslynAnalysisRunner has terminated.
Mono: successfully reloaded assembly
- Completed reload, in  0.588 seconds
Platform modules already initialized, skipping
Refreshing native plugins compatible for Editor in 0.20 ms, found 0 plugins.
Preloading 0 native plugins for Editor in 0.00 ms.
Unloading 1122 Unused Serialized files (Serialized files now loaded: 0)
System memory in use before: 78.9 MB.
System memory in use after: 79.0 MB.

Unloading 6 unused Assets to reduce memory usage. Loaded Objects now: 1720.
Total: 1.310400 ms (FindLiveObjects: 0.122800 ms CreateObjectMapping: 0.031700 ms MarkObjects: 1.106700 ms  DeleteObjects: 0.048200 ms)

========================================================================
Received Prepare
Registering precompiled user dll's ...
Registered in 0.000737 seconds.
Begin MonoManager ReloadAssembly
Native extension for WindowsStandalone target not found
Native extension for WebGL target not found
Refreshing native plugins compatible for Editor in 0.20 ms, found 0 plugins.
Preloading 0 native plugins for Editor in 0.00 ms.
Invoked RoslynAnalysisRunner static constructor.
RoslynAnalysisRunner will not be running.
RoslynAnalysisRunner has terminated.
Mono: successfully reloaded assembly
- Completed reload, in  0.587 seconds
Platform modules already initialized, skipping
Refreshing native plugins compatible for Editor in 0.21 ms, found 0 plugins.
Preloading 0 native plugins for Editor in 0.00 ms.
Unloading 1122 Unused Serialized files (Serialized files now loaded: 0)
System memory in use before: 78.9 MB.
System memory in use after: 79.0 MB.

Unloading 5 unused Assets to reduce memory usage. Loaded Objects now: 1723.
Total: 1.362800 ms (FindLiveObjects: 0.143100 ms CreateObjectMapping: 0.034500 ms MarkObjects: 1.129000 ms  DeleteObjects: 0.055300 ms)

========================================================================
Received Prepare
Registering precompiled user dll's ...
Registered in 0.000670 seconds.
Begin MonoManager ReloadAssembly
Native extension for WindowsStandalone target not found
Native extension for WebGL target not found
Refreshing native plugins compatible for Editor in 0.20 ms, found 0 plugins.
Preloading 0 native plugins for Editor in 0.00 ms.
Invoked RoslynAnalysisRunner static constructor.
RoslynAnalysisRunner will not be running.
RoslynAnalysisRunner has terminated.
Mono: successfully reloaded assembly
- Completed reload, in  0.588 seconds
Platform modules already initialized, skipping
Refreshing native plugins compatible for Editor in 0.23 ms, found 0 plugins.
Preloading 0 native plugins for Editor in 0.00 ms.
Unloading 1122 Unused Serialized files (Serialized files now loaded: 0)
System memory in use before: 78.9 MB.
System memory in use after: 79.0 MB.

Unloading 5 unused Assets to reduce memory usage. Loaded Objects now: 1726.
Total: 1.355100 ms (FindLiveObjects: 0.130500 ms CreateObjectMapping: 0.029800 ms MarkObjects: 1.136600 ms  DeleteObjects: 0.057200 ms)

========================================================================
Received Prepare
Registering precompiled user dll's ...
Registered in 0.000700 seconds.
Begin MonoManager ReloadAssembly
Native extension for WindowsStandalone target not found
Native extension for WebGL target not found
Refreshing native plugins compatible for Editor in 0.20 ms, found 0 plugins.
Preloading 0 native plugins for Editor in 0.00 ms.
Invoked RoslynAnalysisRunner static constructor.
RoslynAnalysisRunner will not be running.
RoslynAnalysisRunner has terminated.
Mono: successfully reloaded assembly
- Completed reload, in  0.595 seconds
Platform modules already initialized, skipping
Refreshing native plugins compatible for Editor in 0.20 ms, found 0 plugins.
Preloading 0 native plugins for Editor in 0.00 ms.
Unloading 1122 Unused Serialized files (Serialized files now loaded: 0)
System memory in use before: 78.9 MB.
System memory in use after: 79.0 MB.

Unloading 5 unused Assets to reduce memory usage. Loaded Objects now: 1729.
Total: 1.278400 ms (FindLiveObjects: 0.112400 ms CreateObjectMapping: 0.031000 ms MarkObjects: 1.088600 ms  DeleteObjects: 0.045200 ms)

========================================================================
Received Prepare
Registering precompiled user dll's ...
Registered in 0.000772 seconds.
Begin MonoManager ReloadAssembly
Native extension for WindowsStandalone target not found
Native extension for WebGL target not found
Refreshing native plugins compatible for Editor in 0.20 ms, found 0 plugins.
Preloading 0 native plugins for Editor in 0.00 ms.
Invoked RoslynAnalysisRunner static constructor.
RoslynAnalysisRunner will not be running.
RoslynAnalysisRunner has terminated.
Mono: successfully reloaded assembly
- Completed reload, in  0.579 seconds
Platform modules already initialized, skipping
Refreshing native plugins compatible for Editor in 0.20 ms, found 0 plugins.
Preloading 0 native plugins for Editor in 0.00 ms.
Unloading 1122 Unused Serialized files (Serialized files now loaded: 0)
System memory in use before: 78.9 MB.
System memory in use after: 79.0 MB.

Unloading 5 unused Assets to reduce memory usage. Loaded Objects now: 1732.
Total: 1.261200 ms (FindLiveObjects: 0.119300 ms CreateObjectMapping: 0.028200 ms MarkObjects: 1.067700 ms  DeleteObjects: 0.045400 ms)

========================================================================
Received Prepare
Registering precompiled user dll's ...
Registered in 0.000713 seconds.
Begin MonoManager ReloadAssembly
Native extension for WindowsStandalone target not found
Native extension for WebGL target not found
Refreshing native plugins compatible for Editor in 0.20 ms, found 0 plugins.
Preloading 0 native plugins for Editor in 0.00 ms.
Invoked RoslynAnalysisRunner static constructor.
RoslynAnalysisRunner will not be running.
RoslynAnalysisRunner has terminated.
Mono: successfully reloaded assembly
- Completed reload, in  0.607 seconds
Platform modules already initialized, skipping
Refreshing native plugins compatible for Editor in 0.20 ms, found 0 plugins.
Preloading 0 native plugins for Editor in 0.00 ms.
Unloading 1122 Unused Serialized files (Serialized files now loaded: 0)
System memory in use before: 78.9 MB.
System memory in use after: 79.0 MB.

Unloading 5 unused Assets to reduce memory usage. Loaded Objects now: 1735.
Total: 1.718000 ms (FindLiveObjects: 0.326100 ms CreateObjectMapping: 0.081900 ms MarkObjects: 1.257700 ms  DeleteObjects: 0.051000 ms)

========================================================================
Received Prepare
Registering precompiled user dll's ...
Registered in 0.000686 seconds.
Begin MonoManager ReloadAssembly
Native extension for WindowsStandalone target not found
Native extension for WebGL target not found
Refreshing native plugins compatible for Editor in 0.22 ms, found 0 plugins.
Preloading 0 native plugins for Editor in 0.00 ms.
Invoked RoslynAnalysisRunner static constructor.
RoslynAnalysisRunner will not be running.
RoslynAnalysisRunner has terminated.
Mono: successfully reloaded assembly
- Completed reload, in  0.602 seconds
Platform modules already initialized, skipping
Refreshing native plugins compatible for Editor in 0.21 ms, found 0 plugins.
Preloading 0 native plugins for Editor in 0.00 ms.
Unloading 1122 Unused Serialized files (Serialized files now loaded: 0)
System memory in use before: 78.9 MB.
System memory in use after: 79.0 MB.

Unloading 5 unused Assets to reduce memory usage. Loaded Objects now: 1738.
Total: 1.404600 ms (FindLiveObjects: 0.125400 ms CreateObjectMapping: 0.029300 ms MarkObjects: 1.197400 ms  DeleteObjects: 0.051500 ms)

========================================================================
Received Prepare
Registering precompiled user dll's ...
Registered in 0.000827 seconds.
Begin MonoManager ReloadAssembly
Native extension for WindowsStandalone target not found
Native extension for WebGL target not found
Refreshing native plugins compatible for Editor in 0.21 ms, found 0 plugins.
Preloading 0 native plugins for Editor in 0.00 ms.
Invoked RoslynAnalysisRunner static constructor.
RoslynAnalysisRunner will not be running.
RoslynAnalysisRunner has terminated.
Mono: successfully reloaded assembly
- Completed reload, in  0.639 seconds
Platform modules already initialized, skipping
Refreshing native plugins compatible for Editor in 0.21 ms, found 0 plugins.
Preloading 0 native plugins for Editor in 0.00 ms.
Unloading 1122 Unused Serialized files (Serialized files now loaded: 0)
System memory in use before: 78.9 MB.
System memory in use after: 79.0 MB.

Unloading 5 unused Assets to reduce memory usage. Loaded Objects now: 1741.
Total: 1.433500 ms (FindLiveObjects: 0.138100 ms CreateObjectMapping: 0.031200 ms MarkObjects: 1.210000 ms  DeleteObjects: 0.053200 ms)

========================================================================
Received Prepare
Registering precompiled user dll's ...
Registered in 0.000853 seconds.
Begin MonoManager ReloadAssembly
Native extension for WindowsStandalone target not found
Native extension for WebGL target not found
Refreshing native plugins compatible for Editor in 0.22 ms, found 0 plugins.
Preloading 0 native plugins for Editor in 0.00 ms.
Invoked RoslynAnalysisRunner static constructor.
RoslynAnalysisRunner will not be running.
RoslynAnalysisRunner has terminated.
Mono: successfully reloaded assembly
- Completed reload, in  0.648 seconds
Platform modules already initialized, skipping
Refreshing native plugins compatible for Editor in 0.21 ms, found 0 plugins.
Preloading 0 native plugins for Editor in 0.00 ms.
Unloading 1122 Unused Serialized files (Serialized files now loaded: 0)
System memory in use before: 79.0 MB.
System memory in use after: 79.0 MB.

Unloading 5 unused Assets to reduce memory usage. Loaded Objects now: 1744.
Total: 1.682100 ms (FindLiveObjects: 0.213300 ms CreateObjectMapping: 0.041000 ms MarkObjects: 1.369100 ms  DeleteObjects: 0.057400 ms)

========================================================================
Received Prepare
Registering precompiled user dll's ...
Registered in 0.000801 seconds.
Begin MonoManager ReloadAssembly
Native extension for WindowsStandalone target not found
Native extension for WebGL target not found
Refreshing native plugins compatible for Editor in 0.20 ms, found 0 plugins.
Preloading 0 native plugins for Editor in 0.00 ms.
Invoked RoslynAnalysisRunner static constructor.
RoslynAnalysisRunner will not be running.
RoslynAnalysisRunner has terminated.
Mono: successfully reloaded assembly
- Completed reload, in  0.606 seconds
Platform modules already initialized, skipping
Refreshing native plugins compatible for Editor in 0.20 ms, found 0 plugins.
Preloading 0 native plugins for Editor in 0.00 ms.
Unloading 1122 Unused Serialized files (Serialized files now loaded: 0)
System memory in use before: 79.0 MB.
System memory in use after: 79.0 MB.

Unloading 5 unused Assets to reduce memory usage. Loaded Objects now: 1747.
Total: 1.322400 ms (FindLiveObjects: 0.129500 ms CreateObjectMapping: 0.032200 ms MarkObjects: 1.107700 ms  DeleteObjects: 0.051900 ms)

========================================================================
Received Prepare
Registering precompiled user dll's ...
Registered in 0.000775 seconds.
Begin MonoManager ReloadAssembly
Native extension for WindowsStandalone target not found
Native extension for WebGL target not found
Refreshing native plugins compatible for Editor in 0.23 ms, found 0 plugins.
Preloading 0 native plugins for Editor in 0.00 ms.
Invoked RoslynAnalysisRunner static constructor.
RoslynAnalysisRunner will not be running.
RoslynAnalysisRunner has terminated.
Mono: successfully reloaded assembly
- Completed reload, in  0.600 seconds
Platform modules already initialized, skipping
Refreshing native plugins compatible for Editor in 0.24 ms, found 0 plugins.
Preloading 0 native plugins for Editor in 0.00 ms.
Unloading 1122 Unused Serialized files (Serialized files now loaded: 0)
System memory in use before: 79.0 MB.
System memory in use after: 79.0 MB.

Unloading 5 unused Assets to reduce memory usage. Loaded Objects now: 1750.
Total: 1.330200 ms (FindLiveObjects: 0.139000 ms CreateObjectMapping: 0.035600 ms MarkObjects: 1.102200 ms  DeleteObjects: 0.052400 ms)

========================================================================
Received Prepare
Registering precompiled user dll's ...
Registered in 0.000698 seconds.
Begin MonoManager ReloadAssembly
Native extension for WindowsStandalone target not found
Native extension for WebGL target not found
Refreshing native plugins compatible for Editor in 0.20 ms, found 0 plugins.
Preloading 0 native plugins for Editor in 0.00 ms.
Invoked RoslynAnalysisRunner static constructor.
RoslynAnalysisRunner will not be running.
RoslynAnalysisRunner has terminated.
Mono: successfully reloaded assembly
- Completed reload, in  0.589 seconds
Platform modules already initialized, skipping
Refreshing native plugins compatible for Editor in 0.20 ms, found 0 plugins.
Preloading 0 native plugins for Editor in 0.00 ms.
Unloading 1122 Unused Serialized files (Serialized files now loaded: 0)
System memory in use before: 79.0 MB.
System memory in use after: 79.0 MB.

Unloading 5 unused Assets to reduce memory usage. Loaded Objects now: 1753.
Total: 2.031400 ms (FindLiveObjects: 0.279600 ms CreateObjectMapping: 0.074000 ms MarkObjects: 1.612600 ms  DeleteObjects: 0.063400 ms)

========================================================================
Received Prepare
Registering precompiled user dll's ...
Registered in 0.000744 seconds.
Begin MonoManager ReloadAssembly
Native extension for WindowsStandalone target not found
Native extension for WebGL target not found
Refreshing native plugins compatible for Editor in 0.20 ms, found 0 plugins.
Preloading 0 native plugins for Editor in 0.00 ms.
Invoked RoslynAnalysisRunner static constructor.
RoslynAnalysisRunner will not be running.
RoslynAnalysisRunner has terminated.
Mono: successfully reloaded assembly
- Completed reload, in  0.611 seconds
Platform modules already initialized, skipping
Refreshing native plugins compatible for Editor in 0.21 ms, found 0 plugins.
Preloading 0 native plugins for Editor in 0.00 ms.
Unloading 1122 Unused Serialized files (Serialized files now loaded: 0)
System memory in use before: 79.0 MB.
System memory in use after: 79.0 MB.

Unloading 5 unused Assets to reduce memory usage. Loaded Objects now: 1756.
Total: 1.730300 ms (FindLiveObjects: 0.164900 ms CreateObjectMapping: 0.051600 ms MarkObjects: 1.449000 ms  DeleteObjects: 0.063700 ms)

========================================================================
Received Prepare
Registering precompiled user dll's ...
Registered in 0.000698 seconds.
Begin MonoManager ReloadAssembly
Native extension for WindowsStandalone target not found
Native extension for WebGL target not found
Refreshing native plugins compatible for Editor in 0.21 ms, found 0 plugins.
Preloading 0 native plugins for Editor in 0.00 ms.
Invoked RoslynAnalysisRunner static constructor.
RoslynAnalysisRunner will not be running.
RoslynAnalysisRunner has terminated.
Mono: successfully reloaded assembly
- Completed reload, in  0.615 seconds
Platform modules already initialized, skipping
Refreshing native plugins compatible for Editor in 0.20 ms, found 0 plugins.
Preloading 0 native plugins for Editor in 0.00 ms.
Unloading 1123 Unused Serialized files (Serialized files now loaded: 0)
System memory in use before: 79.0 MB.
System memory in use after: 79.1 MB.

Unloading 5 unused Assets to reduce memory usage. Loaded Objects now: 1760.
Total: 1.460000 ms (FindLiveObjects: 0.145000 ms CreateObjectMapping: 0.033900 ms MarkObjects: 1.228200 ms  DeleteObjects: 0.051800 ms)

========================================================================
Received Prepare
Registering precompiled user dll's ...
Registered in 0.000713 seconds.
Begin MonoManager ReloadAssembly
Native extension for WindowsStandalone target not found
Native extension for WebGL target not found
Refreshing native plugins compatible for Editor in 0.24 ms, found 0 plugins.
Preloading 0 native plugins for Editor in 0.00 ms.
Invoked RoslynAnalysisRunner static constructor.
RoslynAnalysisRunner will not be running.
RoslynAnalysisRunner has terminated.
Mono: successfully reloaded assembly
- Completed reload, in  0.622 seconds
Platform modules already initialized, skipping
Refreshing native plugins compatible for Editor in 0.20 ms, found 0 plugins.
Preloading 0 native plugins for Editor in 0.00 ms.
Unloading 1123 Unused Serialized files (Serialized files now loaded: 0)
System memory in use before: 79.0 MB.
System memory in use after: 79.1 MB.

Unloading 5 unused Assets to reduce memory usage. Loaded Objects now: 1763.
Total: 1.296300 ms (FindLiveObjects: 0.136900 ms CreateObjectMapping: 0.032700 ms MarkObjects: 1.076400 ms  DeleteObjects: 0.049200 ms)

========================================================================
Received Import Request.
  Time since last request: 1521.858420 seconds.
  path: Assets/Scripts
  artifactKey: Guid(ec296a549c33a9e439f991d3448bd93d) Importer(815301076,1909f56bfc062723c751e8b465ee728b)
Start importing Assets/Scripts using Guid(ec296a549c33a9e439f991d3448bd93d) Importer(815301076,1909f56bfc062723c751e8b465ee728b)  -> (artifact id: '7933e03960c798da1eac93c84738b875') in 0.004158 seconds
  Import took 0.005835 seconds .

========================================================================
Received Import Request.
  Time since last request: 0.588449 seconds.
  path: Assets/Scripts/CameraController.cs
  artifactKey: Guid(d5278fd538406da4b89c22ed5ce40061) Importer(815301076,1909f56bfc062723c751e8b465ee728b)
Start importing Assets/Scripts/CameraController.cs using Guid(d5278fd538406da4b89c22ed5ce40061) Importer(815301076,1909f56bfc062723c751e8b465ee728b)  -> (artifact id: 'b71eedcd580ef5a8d4fbe7fdecff46ba') in 0.005786 seconds
  Import took 0.007377 seconds .

========================================================================
Received Import Request.
  Time since last request: 0.001148 seconds.
  path: Assets/Scripts/CameraController.cs
  artifactKey: Guid(d5278fd538406da4b89c22ed5ce40061) Importer(815301076,1909f56bfc062723c751e8b465ee728b)
Start importing Assets/Scripts/CameraController.cs using Guid(d5278fd538406da4b89c22ed5ce40061) Importer(815301076,1909f56bfc062723c751e8b465ee728b)  -> (artifact id: 'b71eedcd580ef5a8d4fbe7fdecff46ba') in 0.002334 seconds
  Import took 0.003960 seconds .

========================================================================
Received Prepare
Registering precompiled user dll's ...
Registered in 0.000775 seconds.
Begin MonoManager ReloadAssembly
Native extension for WindowsStandalone target not found
Native extension for WebGL target not found
Refreshing native plugins compatible for Editor in 0.20 ms, found 0 plugins.
Preloading 0 native plugins for Editor in 0.00 ms.
Invoked RoslynAnalysisRunner static constructor.
RoslynAnalysisRunner will not be running.
RoslynAnalysisRunner has terminated.
Mono: successfully reloaded assembly
- Completed reload, in  0.601 seconds
Platform modules already initialized, skipping
Refreshing native plugins compatible for Editor in 0.21 ms, found 0 plugins.
Preloading 0 native plugins for Editor in 0.00 ms.
Unloading 1123 Unused Serialized files (Serialized files now loaded: 0)
System memory in use before: 79.0 MB.
System memory in use after: 79.1 MB.

Unloading 5 unused Assets to reduce memory usage. Loaded Objects now: 1766.
Total: 1.403100 ms (FindLiveObjects: 0.153100 ms CreateObjectMapping: 0.036800 ms MarkObjects: 1.154100 ms  DeleteObjects: 0.057900 ms)

========================================================================
Received Import Request.
  Time since last request: 16.459699 seconds.
  path: Assets/Scripts/CameraController.cs
  artifactKey: Guid(d5278fd538406da4b89c22ed5ce40061) Importer(815301076,1909f56bfc062723c751e8b465ee728b)
Start importing Assets/Scripts/CameraController.cs using Guid(d5278fd538406da4b89c22ed5ce40061) Importer(815301076,1909f56bfc062723c751e8b465ee728b)  -> (artifact id: 'e8a2b4b3f09e09ffe2670d4479ec2e70') in 0.003538 seconds
  Import took 0.005015 seconds .

========================================================================
Received Prepare
Registering precompiled user dll's ...
Registered in 0.000761 seconds.
Begin MonoManager ReloadAssembly
Native extension for WindowsStandalone target not found
Native extension for WebGL target not found
Refreshing native plugins compatible for Editor in 0.21 ms, found 0 plugins.
Preloading 0 native plugins for Editor in 0.00 ms.
Invoked RoslynAnalysisRunner static constructor.
RoslynAnalysisRunner will not be running.
RoslynAnalysisRunner has terminated.
Mono: successfully reloaded assembly
- Completed reload, in  0.604 seconds
Platform modules already initialized, skipping
Refreshing native plugins compatible for Editor in 0.20 ms, found 0 plugins.
Preloading 0 native plugins for Editor in 0.00 ms.
Unloading 1123 Unused Serialized files (Serialized files now loaded: 0)
System memory in use before: 79.0 MB.
System memory in use after: 79.1 MB.

Unloading 5 unused Assets to reduce memory usage. Loaded Objects now: 1769.
Total: 1.288900 ms (FindLiveObjects: 0.119200 ms CreateObjectMapping: 0.030200 ms MarkObjects: 1.089300 ms  DeleteObjects: 0.049400 ms)

========================================================================
Received Prepare
Registering precompiled user dll's ...
Registered in 0.000754 seconds.
Begin MonoManager ReloadAssembly
Native extension for WindowsStandalone target not found
Native extension for WebGL target not found
Refreshing native plugins compatible for Editor in 0.20 ms, found 0 plugins.
Preloading 0 native plugins for Editor in 0.00 ms.
Invoked RoslynAnalysisRunner static constructor.
RoslynAnalysisRunner will not be running.
RoslynAnalysisRunner has terminated.
Mono: successfully reloaded assembly
- Completed reload, in  0.600 seconds
Platform modules already initialized, skipping
Refreshing native plugins compatible for Editor in 0.21 ms, found 0 plugins.
Preloading 0 native plugins for Editor in 0.00 ms.
Unloading 1123 Unused Serialized files (Serialized files now loaded: 0)
System memory in use before: 79.0 MB.
System memory in use after: 79.1 MB.

Unloading 5 unused Assets to reduce memory usage. Loaded Objects now: 1772.
Total: 1.403100 ms (FindLiveObjects: 0.159000 ms CreateObjectMapping: 0.044700 ms MarkObjects: 1.150800 ms  DeleteObjects: 0.048000 ms)

========================================================================
Received Prepare
Registering precompiled user dll's ...
Registered in 0.000797 seconds.
Begin MonoManager ReloadAssembly
Native extension for WindowsStandalone target not found
Native extension for WebGL target not found
Refreshing native plugins compatible for Editor in 0.21 ms, found 0 plugins.
Preloading 0 native plugins for Editor in 0.00 ms.
Invoked RoslynAnalysisRunner static constructor.
RoslynAnalysisRunner will not be running.
RoslynAnalysisRunner has terminated.
Mono: successfully reloaded assembly
- Completed reload, in  0.602 seconds
Platform modules already initialized, skipping
Refreshing native plugins compatible for Editor in 0.23 ms, found 0 plugins.
Preloading 0 native plugins for Editor in 0.00 ms.
Unloading 1123 Unused Serialized files (Serialized files now loaded: 0)
System memory in use before: 79.0 MB.
System memory in use after: 79.1 MB.

Unloading 5 unused Assets to reduce memory usage. Loaded Objects now: 1775.
Total: 1.485900 ms (FindLiveObjects: 0.134400 ms CreateObjectMapping: 0.032100 ms MarkObjects: 1.265300 ms  DeleteObjects: 0.052900 ms)

========================================================================
Received Prepare
Registering precompiled user dll's ...
Registered in 0.000965 seconds.
Begin MonoManager ReloadAssembly
Native extension for WindowsStandalone target not found
Native extension for WebGL target not found
Refreshing native plugins compatible for Editor in 0.21 ms, found 0 plugins.
Preloading 0 native plugins for Editor in 0.00 ms.
Invoked RoslynAnalysisRunner static constructor.
RoslynAnalysisRunner will not be running.
RoslynAnalysisRunner has terminated.
Mono: successfully reloaded assembly
- Completed reload, in  0.646 seconds
Platform modules already initialized, skipping
Refreshing native plugins compatible for Editor in 0.22 ms, found 0 plugins.
Preloading 0 native plugins for Editor in 0.00 ms.
Unloading 1123 Unused Serialized files (Serialized files now loaded: 0)
System memory in use before: 79.0 MB.
System memory in use after: 79.1 MB.

Unloading 5 unused Assets to reduce memory usage. Loaded Objects now: 1778.
Total: 1.562200 ms (FindLiveObjects: 0.187200 ms CreateObjectMapping: 0.074900 ms MarkObjects: 1.232400 ms  DeleteObjects: 0.066400 ms)

AssetImportWorkerClient::OnTransportError - code=2 error=End of file
